<?xml version="1.0" encoding="UTF-8"?>
<testsuite name="runners.karate.KarateGetCharacter" tests="0" skipped="0" failures="0" errors="0" timestamp="1970-01-01T00:00:00" hostname="QVT1MDEWIN11" time="0.0">
  <properties/>
  <system-out><![CDATA[11:27:22.765 [Test worker] WARN com.intuit.karate - skipping bootstrap configuration: could not find or read file: classpath:karate-config.js
---------------------------------------------------------
feature: src/test/resources/features/karate/karate_get_characters.feature
scenarios:  1 | passed:  1 | failed:  0 | time: 2,7728
---------------------------------------------------------

HTML report: (paste into browser to view) | Karate version: 0.9.5
file:/C:/jgarcia/RickAndMortyApi/build/surefire-reports/src.test.resources.features.karate.karate_get_characters.html
---------------------------------------------------------

]]></system-out>
  <system-err><![CDATA[]]></system-err>
</testsuite>
