<?xml version="1.0" encoding="UTF-8"?>
<testsuite name="[karate_get_multiplecharacters] Access the list of characters" tests="1" skipped="0" failures="0" errors="0" timestamp="2021-02-26T14:23:39" hostname="QVT1MDEWIN11" time="4.39">
  <properties/>
  <testcase name="[1:7] Get a single character" classname="[karate_get_multiplecharacters] Access the list of characters" time="4.39"/>
  <system-out><![CDATA[09:23:41.852 [Test worker] DEBUG com.jayway.jsonpath.internal.path.CompiledPath - Evaluating path: $
09:23:41.860 [Test worker] DEBUG com.jayway.jsonpath.internal.path.CompiledPath - Evaluating path: $
09:23:43.111 [Test worker] DEBUG org.apache.http.client.protocol.RequestAddCookies - CookieSpec selected: karate
09:23:43.134 [Test worker] DEBUG org.apache.http.client.protocol.RequestAuthCache - Auth cache not set in the context
09:23:43.141 [Test worker] DEBUG com.intuit.karate - request:
1 > GET https://rickandmortyapi.com/api/character/1,183
1 > Accept-Encoding: gzip,deflate
1 > Connection: Keep-Alive
1 > Host: rickandmortyapi.com
1 > User-Agent: Apache-HttpClient/4.5.11 (Java/1.8.0_192)

09:23:43.146 [Test worker] DEBUG org.apache.http.impl.conn.PoolingHttpClientConnectionManager - Connection request: [route: {s}->https://rickandmortyapi.com:443][total available: 0; route allocated: 0 of 5; total allocated: 0 of 10]
09:23:43.190 [Test worker] DEBUG org.apache.http.impl.conn.PoolingHttpClientConnectionManager - Connection leased: [id: 0][route: {s}->https://rickandmortyapi.com:443][total available: 0; route allocated: 1 of 5; total allocated: 1 of 10]
09:23:43.194 [Test worker] DEBUG org.apache.http.impl.execchain.MainClientExec - Opening connection {s}->https://rickandmortyapi.com:443
09:23:43.288 [Test worker] DEBUG org.apache.http.impl.conn.DefaultHttpClientConnectionOperator - Connecting to rickandmortyapi.com/67.207.80.24:443
09:23:43.289 [Test worker] DEBUG org.apache.http.conn.ssl.SSLConnectionSocketFactory - Connecting socket to rickandmortyapi.com/67.207.80.24:443 with timeout 30000
09:23:43.482 [Test worker] DEBUG org.apache.http.conn.ssl.SSLConnectionSocketFactory - Enabled protocols: [TLSv1, TLSv1.1, TLSv1.2]
09:23:43.483 [Test worker] DEBUG org.apache.http.conn.ssl.SSLConnectionSocketFactory - Enabled cipher suites:[TLS_ECDHE_ECDSA_WITH_AES_256_CBC_SHA384, TLS_ECDHE_RSA_WITH_AES_256_CBC_SHA384, TLS_RSA_WITH_AES_256_CBC_SHA256, TLS_ECDH_ECDSA_WITH_AES_256_CBC_SHA384, TLS_ECDH_RSA_WITH_AES_256_CBC_SHA384, TLS_DHE_RSA_WITH_AES_256_CBC_SHA256, TLS_DHE_DSS_WITH_AES_256_CBC_SHA256, TLS_ECDHE_ECDSA_WITH_AES_256_CBC_SHA, TLS_ECDHE_RSA_WITH_AES_256_CBC_SHA, TLS_RSA_WITH_AES_256_CBC_SHA, TLS_ECDH_ECDSA_WITH_AES_256_CBC_SHA, TLS_ECDH_RSA_WITH_AES_256_CBC_SHA, TLS_DHE_RSA_WITH_AES_256_CBC_SHA, TLS_DHE_DSS_WITH_AES_256_CBC_SHA, TLS_ECDHE_ECDSA_WITH_AES_128_CBC_SHA256, TLS_ECDHE_RSA_WITH_AES_128_CBC_SHA256, TLS_RSA_WITH_AES_128_CBC_SHA256, TLS_ECDH_ECDSA_WITH_AES_128_CBC_SHA256, TLS_ECDH_RSA_WITH_AES_128_CBC_SHA256, TLS_DHE_RSA_WITH_AES_128_CBC_SHA256, TLS_DHE_DSS_WITH_AES_128_CBC_SHA256, TLS_ECDHE_ECDSA_WITH_AES_128_CBC_SHA, TLS_ECDHE_RSA_WITH_AES_128_CBC_SHA, TLS_RSA_WITH_AES_128_CBC_SHA, TLS_ECDH_ECDSA_WITH_AES_128_CBC_SHA, TLS_ECDH_RSA_WITH_AES_128_CBC_SHA, TLS_DHE_RSA_WITH_AES_128_CBC_SHA, TLS_DHE_DSS_WITH_AES_128_CBC_SHA, TLS_ECDHE_ECDSA_WITH_AES_256_GCM_SHA384, TLS_ECDHE_ECDSA_WITH_AES_128_GCM_SHA256, TLS_ECDHE_RSA_WITH_AES_256_GCM_SHA384, TLS_RSA_WITH_AES_256_GCM_SHA384, TLS_ECDH_ECDSA_WITH_AES_256_GCM_SHA384, TLS_ECDH_RSA_WITH_AES_256_GCM_SHA384, TLS_DHE_RSA_WITH_AES_256_GCM_SHA384, TLS_DHE_DSS_WITH_AES_256_GCM_SHA384, TLS_ECDHE_RSA_WITH_AES_128_GCM_SHA256, TLS_RSA_WITH_AES_128_GCM_SHA256, TLS_ECDH_ECDSA_WITH_AES_128_GCM_SHA256, TLS_ECDH_RSA_WITH_AES_128_GCM_SHA256, TLS_DHE_RSA_WITH_AES_128_GCM_SHA256, TLS_DHE_DSS_WITH_AES_128_GCM_SHA256, TLS_EMPTY_RENEGOTIATION_INFO_SCSV]
09:23:43.483 [Test worker] DEBUG org.apache.http.conn.ssl.SSLConnectionSocketFactory - Starting handshake
09:23:43.767 [Test worker] DEBUG org.apache.http.conn.ssl.SSLConnectionSocketFactory - Secure session established
09:23:43.767 [Test worker] DEBUG org.apache.http.conn.ssl.SSLConnectionSocketFactory -  negotiated protocol: TLSv1.2
09:23:43.767 [Test worker] DEBUG org.apache.http.conn.ssl.SSLConnectionSocketFactory -  negotiated cipher suite: TLS_ECDHE_RSA_WITH_AES_256_GCM_SHA384
09:23:43.768 [Test worker] DEBUG org.apache.http.conn.ssl.SSLConnectionSocketFactory -  peer principal: CN=*.rickandmortyapi.com
09:23:43.769 [Test worker] DEBUG org.apache.http.conn.ssl.SSLConnectionSocketFactory -  peer alternative names: [*.rickandmortyapi.com, rickandmortyapi.com]
09:23:43.769 [Test worker] DEBUG org.apache.http.conn.ssl.SSLConnectionSocketFactory -  issuer principal: CN=R3, O=Let's Encrypt, C=US
09:23:43.779 [Test worker] DEBUG org.apache.http.impl.conn.DefaultHttpClientConnectionOperator - Connection established 192.168.0.2:28361<->67.207.80.24:443
09:23:43.780 [Test worker] DEBUG org.apache.http.impl.conn.DefaultManagedHttpClientConnection - http-outgoing-0: set socket timeout to 30000
09:23:43.780 [Test worker] DEBUG org.apache.http.impl.execchain.MainClientExec - Executing request GET /api/character/1,183 HTTP/1.1
09:23:43.780 [Test worker] DEBUG org.apache.http.impl.execchain.MainClientExec - Target auth state: UNCHALLENGED
09:23:43.781 [Test worker] DEBUG org.apache.http.impl.execchain.MainClientExec - Proxy auth state: UNCHALLENGED
09:23:43.786 [Test worker] DEBUG org.apache.http.headers - http-outgoing-0 >> GET /api/character/1,183 HTTP/1.1
09:23:43.787 [Test worker] DEBUG org.apache.http.headers - http-outgoing-0 >> Host: rickandmortyapi.com
09:23:43.788 [Test worker] DEBUG org.apache.http.headers - http-outgoing-0 >> Connection: Keep-Alive
09:23:43.788 [Test worker] DEBUG org.apache.http.headers - http-outgoing-0 >> User-Agent: Apache-HttpClient/4.5.11 (Java/1.8.0_192)
09:23:43.788 [Test worker] DEBUG org.apache.http.headers - http-outgoing-0 >> Accept-Encoding: gzip,deflate
09:23:43.789 [Test worker] DEBUG org.apache.http.wire - http-outgoing-0 >> "GET /api/character/1,183 HTTP/1.1[\r][\n]"
09:23:43.789 [Test worker] DEBUG org.apache.http.wire - http-outgoing-0 >> "Host: rickandmortyapi.com[\r][\n]"
09:23:43.789 [Test worker] DEBUG org.apache.http.wire - http-outgoing-0 >> "Connection: Keep-Alive[\r][\n]"
09:23:43.790 [Test worker] DEBUG org.apache.http.wire - http-outgoing-0 >> "User-Agent: Apache-HttpClient/4.5.11 (Java/1.8.0_192)[\r][\n]"
09:23:43.790 [Test worker] DEBUG org.apache.http.wire - http-outgoing-0 >> "Accept-Encoding: gzip,deflate[\r][\n]"
09:23:43.791 [Test worker] DEBUG org.apache.http.wire - http-outgoing-0 >> "[\r][\n]"
09:23:43.878 [Test worker] DEBUG org.apache.http.wire - http-outgoing-0 << "HTTP/1.1 200 OK[\r][\n]"
09:23:43.879 [Test worker] DEBUG org.apache.http.wire - http-outgoing-0 << "Access-Control-Allow-Origin: *[\r][\n]"
09:23:43.879 [Test worker] DEBUG org.apache.http.wire - http-outgoing-0 << "Cache-Control: max-age=259200[\r][\n]"
09:23:43.879 [Test worker] DEBUG org.apache.http.wire - http-outgoing-0 << "Cache-Control: public[\r][\n]"
09:23:43.879 [Test worker] DEBUG org.apache.http.wire - http-outgoing-0 << "Content-Type: application/json; charset=utf-8[\r][\n]"
09:23:43.880 [Test worker] DEBUG org.apache.http.wire - http-outgoing-0 << "Date: Fri, 26 Feb 2021 13:39:58 GMT[\r][\n]"
09:23:43.880 [Test worker] DEBUG org.apache.http.wire - http-outgoing-0 << "Etag: W/"ad1-QnpEVPA6sR0OjzN229q5lQUl3Sg"[\r][\n]"
09:23:43.880 [Test worker] DEBUG org.apache.http.wire - http-outgoing-0 << "Expires: Mon, 01 Mar 2021 13:39:58 GMT[\r][\n]"
09:23:43.880 [Test worker] DEBUG org.apache.http.wire - http-outgoing-0 << "Server: Netlify[\r][\n]"
09:23:43.891 [Test worker] DEBUG org.apache.http.wire - http-outgoing-0 << "X-Powered-By: Express[\r][\n]"
09:23:43.891 [Test worker] DEBUG org.apache.http.wire - http-outgoing-0 << "Content-Encoding: gzip[\r][\n]"
09:23:43.891 [Test worker] DEBUG org.apache.http.wire - http-outgoing-0 << "Content-Length: 446[\r][\n]"
09:23:43.891 [Test worker] DEBUG org.apache.http.wire - http-outgoing-0 << "Age: 2624[\r][\n]"
09:23:43.891 [Test worker] DEBUG org.apache.http.wire - http-outgoing-0 << "Connection: keep-alive[\r][\n]"
09:23:43.891 [Test worker] DEBUG org.apache.http.wire - http-outgoing-0 << "Vary: Accept-Encoding[\r][\n]"
09:23:43.891 [Test worker] DEBUG org.apache.http.wire - http-outgoing-0 << "X-NF-Request-ID: 06d78d9a-8b9c-4570-8ef0-cd3c4d98a7d0-20133293[\r][\n]"
09:23:43.891 [Test worker] DEBUG org.apache.http.wire - http-outgoing-0 << "[\r][\n]"
09:23:43.898 [Test worker] DEBUG org.apache.http.headers - http-outgoing-0 << HTTP/1.1 200 OK
09:23:43.899 [Test worker] DEBUG org.apache.http.headers - http-outgoing-0 << Access-Control-Allow-Origin: *
09:23:43.899 [Test worker] DEBUG org.apache.http.headers - http-outgoing-0 << Cache-Control: max-age=259200
09:23:43.899 [Test worker] DEBUG org.apache.http.headers - http-outgoing-0 << Cache-Control: public
09:23:43.899 [Test worker] DEBUG org.apache.http.headers - http-outgoing-0 << Content-Type: application/json; charset=utf-8
09:23:43.899 [Test worker] DEBUG org.apache.http.headers - http-outgoing-0 << Date: Fri, 26 Feb 2021 13:39:58 GMT
09:23:43.899 [Test worker] DEBUG org.apache.http.headers - http-outgoing-0 << Etag: W/"ad1-QnpEVPA6sR0OjzN229q5lQUl3Sg"
09:23:43.899 [Test worker] DEBUG org.apache.http.headers - http-outgoing-0 << Expires: Mon, 01 Mar 2021 13:39:58 GMT
09:23:43.900 [Test worker] DEBUG org.apache.http.headers - http-outgoing-0 << Server: Netlify
09:23:43.900 [Test worker] DEBUG org.apache.http.headers - http-outgoing-0 << X-Powered-By: Express
09:23:43.900 [Test worker] DEBUG org.apache.http.headers - http-outgoing-0 << Content-Encoding: gzip
09:23:43.900 [Test worker] DEBUG org.apache.http.headers - http-outgoing-0 << Content-Length: 446
09:23:43.900 [Test worker] DEBUG org.apache.http.headers - http-outgoing-0 << Age: 2624
09:23:43.900 [Test worker] DEBUG org.apache.http.headers - http-outgoing-0 << Connection: keep-alive
09:23:43.900 [Test worker] DEBUG org.apache.http.headers - http-outgoing-0 << Vary: Accept-Encoding
09:23:43.901 [Test worker] DEBUG org.apache.http.headers - http-outgoing-0 << X-NF-Request-ID: 06d78d9a-8b9c-4570-8ef0-cd3c4d98a7d0-20133293
09:23:43.915 [Test worker] DEBUG org.apache.http.impl.execchain.MainClientExec - Connection can be kept alive indefinitely
09:23:43.926 [Test worker] DEBUG org.apache.http.wire - http-outgoing-0 << "[0x1f][0x8b][0x8][0x0][0x0][0x0][0x0][0x0][0x0][0x3][0xb5][0xd6]Qk[0xdb]0[0x10][0x7][0xf0][0xaf][0x12][0xf4][0xb4]B[0x12][0xfb]$'q[0xfc]V[0xd6]B[0x19][0xec][0xa5][0xdb][0xd3]J[0x1f][0xe][0xe5][0x88][0xd5][0xda][0xb2][0x90][0x95]BV[0xf6][0xdd]'C[0xbb]=ll[0xf9][0xa7][0x14][0xc][0xb6][0x8f][0xbf]O[0x98][0x1f][0xb6][0xee][0xee]Y[0xb9][0x9d]jh[0xae]<[0xf7][0xa2][0x1a]u[0xeb][0xec][0xe3][0xec][0xb]{[0xdb][0xca]w5Wc[0xe2]t[0x18]s[0xfd][0xb2]sO2[0x15][0x82]X'S[0xe5][0xe6][0xd0][0xb3][0xcf][0x95]t[0xc][0xd3][0x83][0xf9]j/~'1_]]>&#x7f;<![CDATA[[0xe6]n[0xca][0xe][0xd1][0xed][0x9d]W[0xcd][0xf3]k[0xf3]k[0x8e][0xa9][0x9d]}[0xf8][0xb8] [0xb3][0xb9][0xc8][0x81]C[0xec]r[0xb5]M)[0x8c]MQ[0xc4][0xbc]4[0xfb]]?[0xc4]t[0xe4][0xe0][0x96]v[0xe8][0x8b]|.[0xba][0xc1]rr[0x83]/H[0xfd][0x98][0xab][0xd7][0xbb]?[0xdb][0xde]J[0xe8][0xd8]J/>[0xcd][0xae]\>[0x8d]9v[0xc6]2[0xba][0x9c][0xd6]q=[0xef][0xe5][0x84][0xc7]l[0xcb][0x91]m[0x92]X[0xf0][0x13]'[0x8e][0x5]-[0x1f][0x82][0xec][0xf3][0xb2][0x12][0xdc]8[0xec]r[0x8f][0xbb][0xff]6y[0x89][0xe6]7[0x9c][0x9f][0x9c][0xd5]@[0xd6][0x0][0xd9][\n]"
09:23:43.926 [Test worker] DEBUG org.apache.http.wire - http-outgoing-0 << "[0xc8][0xae][0x80][0xec][0x1a][0xc8]n[0x80]l[\r]d[0xb7]@[0x96]J$[0x8c][0xc8][0x11]BG[0x88][0x1d]!x[0x84][0xe8][0x11][0xc2]G[0x88][0x1f]![0x80][0x84][0x8]jDPC[0xdf][0x1e]"[0xa8][0x11]A[0x8d][0x8]jDP#[0x82][0x1a][0x11][0xd4][0x88][0xa0]F[0x4][\r]"h[0x10]A[0x3][0xfd]>[0x11]A[0x83][0x8][0x1a]D[0xd0] [0x82][0x6][0x11]4[0x88][0xa0]A[0x4]+D[0xb0]"u]]>&#x7f;<![CDATA[[0xea]v[0xfd]{[0xdf][0x9d][0xd8]m[0x14]N[0x92]'[0x19][0xa5]K[0xda],[0x88][0x16]e[0xf5][0x95][0xea][0xa6][0xca][0xc7]z[0xa9]W[0xe5][0xb7][0xbc][0xa7][0xbf][0xcc]:[0xb5][0xf9]5[0xed]|[0x1a]Z[0xef][0x8f][0xb3]+[0x9][0xe1][0xfd][0x86][0x9d]UY^[0x9e]3[0x86][0x98]]]>&#x7f;<![CDATA[[0x8f];ol|[0xfe]|S[0x9b]7L8[0xf5]Y[0xc2][0xb5][0xf9][0x8b][0xb1]^[0xe8][0xed]d[0xbc][0xa2]Fo[0x97][0xeb][0xad][0xc9][0xc6][0xf7]?[0x1][0xf3][0xb][0x13][0x13][0xd1][\n]"
09:23:43.927 [Test worker] DEBUG org.apache.http.wire - http-outgoing-0 << "[0x0][0x0]"
09:23:43.927 [Test worker] DEBUG org.apache.http.impl.conn.PoolingHttpClientConnectionManager - Connection [id: 0][route: {s}->https://rickandmortyapi.com:443] can be kept alive indefinitely
09:23:43.928 [Test worker] DEBUG org.apache.http.impl.conn.DefaultManagedHttpClientConnection - http-outgoing-0: set socket timeout to 0
09:23:43.928 [Test worker] DEBUG org.apache.http.impl.conn.PoolingHttpClientConnectionManager - Connection released: [id: 0][route: {s}->https://rickandmortyapi.com:443][total available: 1; route allocated: 1 of 5; total allocated: 1 of 10]
09:23:43.928 [Test worker] DEBUG com.intuit.karate - response time in milliseconds: 779,93
1 < 200
1 < Access-Control-Allow-Origin: *
1 < Age: 2624
1 < Cache-Control: [max-age=259200, public]
1 < Connection: keep-alive
1 < Content-Type: application/json; charset=utf-8
1 < Date: Fri, 26 Feb 2021 13:39:58 GMT
1 < Etag: W/"ad1-QnpEVPA6sR0OjzN229q5lQUl3Sg"
1 < Expires: Mon, 01 Mar 2021 13:39:58 GMT
1 < Server: Netlify
1 < Vary: Accept-Encoding
1 < X-NF-Request-ID: 06d78d9a-8b9c-4570-8ef0-cd3c4d98a7d0-20133293
1 < X-Powered-By: Express
[{"id":1,"name":"Rick Sanchez","status":"Alive","species":"Human","type":"","gender":"Male","origin":{"name":"Earth (C-137)","url":"https://rickandmortyapi.com/api/location/1"},"location":{"name":"Earth (Replacement Dimension)","url":"https://rickandmortyapi.com/api/location/20"},"image":"https://rickandmortyapi.com/api/character/avatar/1.jpeg","episode":["https://rickandmortyapi.com/api/episode/1","https://rickandmortyapi.com/api/episode/2","https://rickandmortyapi.com/api/episode/3","https://rickandmortyapi.com/api/episode/4","https://rickandmortyapi.com/api/episode/5","https://rickandmortyapi.com/api/episode/6","https://rickandmortyapi.com/api/episode/7","https://rickandmortyapi.com/api/episode/8","https://rickandmortyapi.com/api/episode/9","https://rickandmortyapi.com/api/episode/10","https://rickandmortyapi.com/api/episode/11","https://rickandmortyapi.com/api/episode/12","https://rickandmortyapi.com/api/episode/13","https://rickandmortyapi.com/api/episode/14","https://rickandmortyapi.com/api/episode/15","https://rickandmortyapi.com/api/episode/16","https://rickandmortyapi.com/api/episode/17","https://rickandmortyapi.com/api/episode/18","https://rickandmortyapi.com/api/episode/19","https://rickandmortyapi.com/api/episode/20","https://rickandmortyapi.com/api/episode/21","https://rickandmortyapi.com/api/episode/22","https://rickandmortyapi.com/api/episode/23","https://rickandmortyapi.com/api/episode/24","https://rickandmortyapi.com/api/episode/25","https://rickandmortyapi.com/api/episode/26","https://rickandmortyapi.com/api/episode/27","https://rickandmortyapi.com/api/episode/28","https://rickandmortyapi.com/api/episode/29","https://rickandmortyapi.com/api/episode/30","https://rickandmortyapi.com/api/episode/31","https://rickandmortyapi.com/api/episode/32","https://rickandmortyapi.com/api/episode/33","https://rickandmortyapi.com/api/episode/34","https://rickandmortyapi.com/api/episode/35","https://rickandmortyapi.com/api/episode/36","https://rickandmortyapi.com/api/episode/37","https://rickandmortyapi.com/api/episode/38","https://rickandmortyapi.com/api/episode/39","https://rickandmortyapi.com/api/episode/40","https://rickandmortyapi.com/api/episode/41"],"url":"https://rickandmortyapi.com/api/character/1","created":"2017-11-04T18:48:46.250Z"},{"id":183,"name":"Johnny Depp","status":"Alive","species":"Human","type":"","gender":"Male","origin":{"name":"Earth (C-500A)","url":"https://rickandmortyapi.com/api/location/23"},"location":{"name":"Earth (C-500A)","url":"https://rickandmortyapi.com/api/location/23"},"image":"https://rickandmortyapi.com/api/character/avatar/183.jpeg","episode":["https://rickandmortyapi.com/api/episode/8"],"url":"https://rickandmortyapi.com/api/character/183","created":"2017-12-29T18:51:29.693Z"}]

09:23:43.933 [Test worker] DEBUG com.jayway.jsonpath.internal.path.CompiledPath - Evaluating path: $
]]></system-out>
  <system-err><![CDATA[]]></system-err>
</testsuite>
